
> ursa-optional@0.9.10 rebuild D:\WinForDev\project\testpetshop\node_modules\ursa-optional
> node-gyp rebuild


D:\WinForDev\project\testpetshop\node_modules\ursa-optional>if not defined npm_config_node_gyp (node "D:\WinForDev\nodejs\node_modules\npm\node_modules\npm-lifecycle\node-gyp-bin\\..\..\node_modules\node-gyp\bin\node-gyp.js" rebuild )  else (node "D:\WinForDev\nodejs\node_modules\npm\node_modules\node-gyp\bin\node-gyp.js" rebuild ) 
在此解决方案中一次生成一个项目。若要启用并行生成，请添加“-m”开关。
  ursaNative.cc
  win_delay_load_hook.cc
D:\WinForDev\project\testpetshop\node_modules\nan\nan_converters_43_inl.h(22,1): error C2664: “v8::Local<v8::Boolean> v8::Value::ToBoolean(v8::Isolate *) const”: 无法将参数 1 从“v8::Local<v8::Context>”转换为“v8::Isolate *” (编译源文件 ..\src\ursaNative.cc) [D:\WinForDev\project\testpetshop\node_modules\ursa-optional\build\ursaNative.vcxproj]
D:\WinForDev\project\testpetshop\node_modules\nan\nan_converters_43_inl.h(22,1): message : 没有可用于执行该转换的用户定义的转换运算符，或者无法调用该运算符 (编译源文件 ..\src\ursaNative.cc) [D:\WinForDev\project\testpetshop\node_modules\ursa-optional\build\ursaNative.vcxproj]
C:\Users\lzr\AppData\Local\node-gyp\Cache\14.17.4\include\node\v8.h(2848,18): message : 参见“v8::Value::ToBoolean”的声明 (编译源文件 ..\src\ursaNative.cc) [D:\WinForDev\project\testpetshop\node_modules\ursa-optional\build\ursaNative.vcxproj]
D:\WinForDev\project\testpetshop\node_modules\nan\nan_converters_43_inl.h(40,1): error C2664: “bool v8::Value::BooleanValue(v8::Isolate *) const”: 无法将参数 1 从“v8::Local<v8::Context>”转换为“v8::Isolate *” (编译源文件 ..\src\ursaNative.cc) [D:\WinForDev\project\testpetshop\node_modules\ursa-optional\build\ursaNative.vcxproj]
D:\WinForDev\project\testpetshop\node_modules\nan\nan_converters_43_inl.h(40,1): message : 没有可用于执行该转换的用户定义的转换运算符，或者无法调用该运算符 (编译源文件 ..\src\ursaNative.cc) [D:\WinForDev\project\testpetshop\node_modules\ursa-optional\build\ursaNative.vcxproj]
C:\Users\lzr\AppData\Local\node-gyp\Cache\14.17.4\include\node\v8.h(2858,8): message : 参见“v8::Value::BooleanValue”的声明 (编译源文件 ..\src\ursaNative.cc) [D:\WinForDev\project\testpetshop\node_modules\ursa-optional\build\ursaNative.vcxproj]
D:\WinForDev\project\testpetshop\node_modules\nan\nan_implementation_12_inl.h(103,37): error C2664: “v8::MaybeLocal<v8::Function> v8::Function::New(v8::Local<v8::Context>,v8::FunctionCallback,v8::Local<v8::Value>,int,v8::ConstructorBehavior,v8::SideEffectType)”: 无法将参数 1 从“v8::Isolate *”转换为“v8::Local<v8::Context>” (编译源文件 ..\src\ursaNative.cc) [D:\WinForDev\project\testpetshop\node_modules\ursa-optional\build\ursaNative.vcxproj]
D:\WinForDev\project\testpetshop\node_modules\nan\nan_implementation_12_inl.h(105,32): message : 无构造函数可以接受源类型，或构造函数重载决策不明确 (编译源文件 ..\src\ursaNative.cc) [D:\WinForDev\project\testpetshop\node_modules\ursa-optional\build\ursaNative.vcxproj]
C:\Users\lzr\AppData\Local\node-gyp\Cache\14.17.4\include\node\v8.h(4445,31): message : 参见“v8::Function::New”的声明 (编译源文件 ..\src\ursaNative.cc) [D:\WinForDev\project\testpetshop\node_modules\ursa-optional\build\ursaNative.vcxproj]
D:\WinForDev\project\testpetshop\node_modules\nan\nan.h(1064,1): error C2664: “v8::MaybeLocal<v8::String> v8::Value::ToString(v8::Local<v8::Context>) const”: 无法将参数 1 从“v8::Isolate *”转换为“v8::Local<v8::Context>” (编译源文件 ..\src\ursaNative.cc) [D:\WinForDev\project\testpetshop\node_modules\ursa-optional\build\ursaNative.vcxproj]
D:\WinForDev\project\testpetshop\node_modules\nan\nan.h(1064,1): message : 无构造函数可以接受源类型，或构造函数重载决策不明确 (编译源文件 ..\src\ursaNative.cc) [D:\WinForDev\project\testpetshop\node_modules\ursa-optional\build\ursaNative.vcxproj]
C:\Users\lzr\AppData\Local\node-gyp\Cache\14.17.4\include\node\v8.h(2810,44): message : 参见“v8::Value::ToString”的声明 (编译源文件 ..\src\ursaNative.cc) [D:\WinForDev\project\testpetshop\node_modules\ursa-optional\build\ursaNative.vcxproj]
D:\WinForDev\project\testpetshop\node_modules\nan\nan.h(1855,1): error C2661: “v8::Object::Set”: 没有重载函数接受 2 个参数 (编译源文件 ..\src\ursaNative.cc) [D:\WinForDev\project\testpetshop\node_modules\ursa-optional\build\ursaNative.vcxproj]
D:\WinForDev\project\testpetshop\node_modules\nan\nan.h(1861,1): error C2661: “v8::Object::Set”: 没有重载函数接受 2 个参数 (编译源文件 ..\src\ursaNative.cc) [D:\WinForDev\project\testpetshop\node_modules\ursa-optional\build\ursaNative.vcxproj]
D:\WinForDev\project\testpetshop\node_modules\nan\nan.h(1867,1): error C2661: “v8::Object::Set”: 没有重载函数接受 2 个参数 (编译源文件 ..\src\ursaNative.cc) [D:\WinForDev\project\testpetshop\node_modules\ursa-optional\build\ursaNative.vcxproj]
D:\WinForDev\project\testpetshop\node_modules\nan\nan.h(1873,1): error C2661: “v8::Object::Get”: 没有重载函数接受 1 个参数 (编译源文件 ..\src\ursaNative.cc) [D:\WinForDev\project\testpetshop\node_modules\ursa-optional\build\ursaNative.vcxproj]
D:\WinForDev\project\testpetshop\node_modules\nan\nan.h(1872,17): error C2672: “Nan::EscapableHandleScope::Escape”: 未找到匹配的重载函数 (编译源文件 ..\src\ursaNative.cc) [D:\WinForDev\project\testpetshop\node_modules\ursa-optional\build\ursaNative.vcxproj]
D:\WinForDev\project\testpetshop\node_modules\nan\nan.h(1879,1): error C2661: “v8::Object::Get”: 没有重载函数接受 1 个参数 (编译源文件 ..\src\ursaNative.cc) [D:\WinForDev\project\testpetshop\node_modules\ursa-optional\build\ursaNative.vcxproj]
D:\WinForDev\project\testpetshop\node_modules\nan\nan.h(1879,17): error C2672: “Nan::EscapableHandleScope::Escape”: 未找到匹配的重载函数 (编译源文件 ..\src\ursaNative.cc) [D:\WinForDev\project\testpetshop\node_modules\ursa-optional\build\ursaNative.vcxproj]
D:\WinForDev\project\testpetshop\node_modules\nan\nan.h(1884,1): error C2661: “v8::Object::Get”: 没有重载函数接受 1 个参数 (编译源文件 ..\src\ursaNative.cc) [D:\WinForDev\project\testpetshop\node_modules\ursa-optional\build\ursaNative.vcxproj]
D:\WinForDev\project\testpetshop\node_modules\nan\nan.h(1884,17): error C2672: “Nan::EscapableHandleScope::Escape”: 未找到匹配的重载函数 (编译源文件 ..\src\ursaNative.cc) [D:\WinForDev\project\testpetshop\node_modules\ursa-optional\build\ursaNative.vcxproj]
D:\WinForDev\project\testpetshop\node_modules\nan\nan_object_wrap.h(24,5): error C2039: "IsNearDeath": 不是 "Nan::Persistent<v8::Object,v8::NonCopyablePersistentTraits<T>>" 的成员 [D:\WinForDev\project\testpetshop\node_modules\ursa-optional\build\ursaNative.vcxproj]
          with
          [
              T=v8::Object
          ] (编译源文件 ..\src\ursaNative.cc)
D:\WinForDev\project\testpetshop\node_modules\nan\nan.h(1896): message : 参见“Nan::Persistent<v8::Object,v8::NonCopyablePersistentTraits<T>>”的声明 [D:\WinForDev\project\testpetshop\node_modules\ursa-optional\build\ursaNative.vcxproj]
          with
          [
              T=v8::Object
          ] (编译源文件 ..\src\ursaNative.cc)
D:\WinForDev\project\testpetshop\node_modules\nan\nan_object_wrap.h(67,18): error C2039: "MarkIndependent": 不是 "Nan::Persistent<v8::Object,v8::NonCopyablePersistentTraits<T>>" 的成员 [D:\WinForDev\project\testpetshop\node_modules\ursa-optional\build\ursaNative.vcxproj]
          with
          [
              T=v8::Object
          ] (编译源文件 ..\src\ursaNative.cc)
D:\WinForDev\project\testpetshop\node_modules\nan\nan.h(1896): message : 参见“Nan::Persistent<v8::Object,v8::NonCopyablePersistentTraits<T>>”的声明 [D:\WinForDev\project\testpetshop\node_modules\ursa-optional\build\ursaNative.vcxproj]
          with
          [
              T=v8::Object
          ] (编译源文件 ..\src\ursaNative.cc)
D:\WinForDev\project\testpetshop\node_modules\nan\nan_object_wrap.h(124,5): error C2039: "IsNearDeath": 不是 "Nan::Persistent<v8::Object,v8::NonCopyablePersistentTraits<T>>" 的成员 [D:\WinForDev\project\testpetshop\node_modules\ursa-optional\build\ursaNative.vcxproj]
          with
          [
              T=v8::Object
          ] (编译源文件 ..\src\ursaNative.cc)
D:\WinForDev\project\testpetshop\node_modules\nan\nan.h(1896): message : 参见“Nan::Persistent<v8::Object,v8::NonCopyablePersistentTraits<T>>”的声明 [D:\WinForDev\project\testpetshop\node_modules\ursa-optional\build\ursaNative.vcxproj]
          with
          [
              T=v8::Object
          ] (编译源文件 ..\src\ursaNative.cc)
D:\WinForDev\project\testpetshop\node_modules\ursa-optional\src\ursaNative.cc(543,32): error C2660: “v8::String::Utf8Length”: 函数不接受 0 个参数 [D:\WinForDev\project\testpetshop\node_modules\ursa-optional\build\ursaNative.vcxproj]
C:\Users\lzr\AppData\Local\node-gyp\Cache\14.17.4\include\node\v8.h(2977,7): message : 参见“v8::String::Utf8Length”的声明 (编译源文件 ..\src\ursaNative.cc) [D:\WinForDev\project\testpetshop\node_modules\ursa-optional\build\ursaNative.vcxproj]
D:\WinForDev\project\testpetshop\node_modules\ursa-optional\src\ursaNative.cc(553,36): error C2664: “int v8::String::WriteUtf8(v8::Isolate *,char *,int,int *,int) const”: 无法将参数 1 从“char *”转换为“v8::Isolate *” [D:\WinForDev\project\testpetshop\node_modules\ursa-optional\build\ursaNative.vcxproj]
D:\WinForDev\project\testpetshop\node_modules\ursa-optional\src\ursaNative.cc(553,18): message : 与指向的类型无关；强制转换要求 reinterpret_cast、C 样式强制转换或函数样式强制转换 [D:\WinForDev\project\testpetshop\node_modules\ursa-optional\build\ursaNative.vcxproj]
C:\Users\lzr\AppData\Local\node-gyp\Cache\14.17.4\include\node\v8.h(3037,7): message : 参见“v8::String::WriteUtf8”的声明 (编译源文件 ..\src\ursaNative.cc) [D:\WinForDev\project\testpetshop\node_modules\ursa-optional\build\ursaNative.vcxproj]
D:\WinForDev\project\testpetshop\node_modules\ursa-optional\src\ursaNative.cc(690,68): error C2660: “v8::FunctionTemplate::GetFunction”: 函数不接受 0 个参数 [D:\WinForDev\project\testpetshop\node_modules\ursa-optional\build\ursaNative.vcxproj]
C:\Users\lzr\AppData\Local\node-gyp\Cache\14.17.4\include\node\v8.h(6482,46): message : 参见“v8::FunctionTemplate::GetFunction”的声明 (编译源文件 ..\src\ursaNative.cc) [D:\WinForDev\project\testpetshop\node_modules\ursa-optional\build\ursaNative.vcxproj]
D:\WinForDev\project\testpetshop\node_modules\ursa-optional\src\ursaNative.cc(690,69): error C2661: “v8::Object::Set”: 没有重载函数接受 1 个参数 [D:\WinForDev\project\testpetshop\node_modules\ursa-optional\build\ursaNative.vcxproj]
D:\WinForDev\project\testpetshop\node_modules\ursa-optional\src\ursaNative.cc(691,38): error C2660: “v8::FunctionTemplate::GetFunction”: 函数不接受 0 个参数 [D:\WinForDev\project\testpetshop\node_modules\ursa-optional\build\ursaNative.vcxproj]
C:\Users\lzr\AppData\Local\node-gyp\Cache\14.17.4\include\node\v8.h(6482,46): message : 参见“v8::FunctionTemplate::GetFunction”的声明 (编译源文件 ..\src\ursaNative.cc) [D:\WinForDev\project\testpetshop\node_modules\ursa-optional\build\ursaNative.vcxproj]
D:\WinForDev\project\testpetshop\node_modules\ursa-optional\src\ursaNative.cc(691,39): error C2660: “Nan::Persistent<v8::Function,v8::NonCopyablePersistentTraits<T>>::Reset”: 函数不接受 1 个参数 [D:\WinForDev\project\testpetshop\node_modules\ursa-optional\build\ursaNative.vcxproj]
          with
          [
              T=v8::Function
          ]
D:\WinForDev\project\testpetshop\node_modules\nan\nan_persistent_12_inl.h(25,15): message : 参见“Nan::Persistent<v8::Function,v8::NonCopyablePersistentTraits<T>>::Reset”的声明 [D:\WinForDev\project\testpetshop\node_modules\ursa-optional\build\ursaNative.vcxproj]
          with
          [
              T=v8::Function
          ] (编译源文件 ..\src\ursaNative.cc)
D:\WinForDev\project\testpetshop\node_modules\ursa-optional\src\ursaNative.cc(693,104): error C2660: “v8::FunctionTemplate::GetFunction”: 函数不接受 0 个参数 [D:\WinForDev\project\testpetshop\node_modules\ursa-optional\build\ursaNative.vcxproj]
C:\Users\lzr\AppData\Local\node-gyp\Cache\14.17.4\include\node\v8.h(6482,46): message : 参见“v8::FunctionTemplate::GetFunction”的声明 (编译源文件 ..\src\ursaNative.cc) [D:\WinForDev\project\testpetshop\node_modules\ursa-optional\build\ursaNative.vcxproj]
D:\WinForDev\project\testpetshop\node_modules\ursa-optional\src\ursaNative.cc(693,105): error C2661: “v8::Object::Set”: 没有重载函数接受 1 个参数 [D:\WinForDev\project\testpetshop\node_modules\ursa-optional\build\ursaNative.vcxproj]
D:\WinForDev\project\testpetshop\node_modules\ursa-optional\src\ursaNative.cc(866,42): error C2660: “v8::Value::Uint32Value”: 函数不接受 0 个参数 [D:\WinForDev\project\testpetshop\node_modules\ursa-optional\build\ursaNative.vcxproj]
C:\Users\lzr\AppData\Local\node-gyp\Cache\14.17.4\include\node\v8.h(2866,41): message : 参见“v8::Value::Uint32Value”的声明 (编译源文件 ..\src\ursaNative.cc) [D:\WinForDev\project\testpetshop\node_modules\ursa-optional\build\ursaNative.vcxproj]
D:\WinForDev\project\testpetshop\node_modules\ursa-optional\src\ursaNative.cc(867,39): error C2660: “v8::Value::Uint32Value”: 函数不接受 0 个参数 [D:\WinForDev\project\testpetshop\node_modules\ursa-optional\build\ursaNative.vcxproj]
C:\Users\lzr\AppData\Local\node-gyp\Cache\14.17.4\include\node\v8.h(2866,41): message : 参见“v8::Value::Uint32Value”的声明 (编译源文件 ..\src\ursaNative.cc) [D:\WinForDev\project\testpetshop\node_modules\ursa-optional\build\ursaNative.vcxproj]
D:\WinForDev\project\testpetshop\node_modules\ursa-optional\src\ursaNative.cc(1103,38): error C2660: “v8::Value::Uint32Value”: 函数不接受 0 个参数 [D:\WinForDev\project\testpetshop\node_modules\ursa-optional\build\ursaNative.vcxproj]
C:\Users\lzr\AppData\Local\node-gyp\Cache\14.17.4\include\node\v8.h(2866,41): message : 参见“v8::Value::Uint32Value”的声明 (编译源文件 ..\src\ursaNative.cc) [D:\WinForDev\project\testpetshop\node_modules\ursa-optional\build\ursaNative.vcxproj]
D:\WinForDev\project\testpetshop\node_modules\ursa-optional\src\ursaNative.cc(1161,38): error C2660: “v8::Value::Uint32Value”: 函数不接受 0 个参数 [D:\WinForDev\project\testpetshop\node_modules\ursa-optional\build\ursaNative.vcxproj]
C:\Users\lzr\AppData\Local\node-gyp\Cache\14.17.4\include\node\v8.h(2866,41): message : 参见“v8::Value::Uint32Value”的声明 (编译源文件 ..\src\ursaNative.cc) [D:\WinForDev\project\testpetshop\node_modules\ursa-optional\build\ursaNative.vcxproj]
D:\WinForDev\project\testpetshop\node_modules\ursa-optional\src\ursaNative.cc(1218,38): error C2660: “v8::Value::Uint32Value”: 函数不接受 0 个参数 [D:\WinForDev\project\testpetshop\node_modules\ursa-optional\build\ursaNative.vcxproj]
C:\Users\lzr\AppData\Local\node-gyp\Cache\14.17.4\include\node\v8.h(2866,41): message : 参见“v8::Value::Uint32Value”的声明 (编译源文件 ..\src\ursaNative.cc) [D:\WinForDev\project\testpetshop\node_modules\ursa-optional\build\ursaNative.vcxproj]
D:\WinForDev\project\testpetshop\node_modules\ursa-optional\src\ursaNative.cc(1272,38): error C2660: “v8::Value::Uint32Value”: 函数不接受 0 个参数 [D:\WinForDev\project\testpetshop\node_modules\ursa-optional\build\ursaNative.vcxproj]
C:\Users\lzr\AppData\Local\node-gyp\Cache\14.17.4\include\node\v8.h(2866,41): message : 参见“v8::Value::Uint32Value”的声明 (编译源文件 ..\src\ursaNative.cc) [D:\WinForDev\project\testpetshop\node_modules\ursa-optional\build\ursaNative.vcxproj]
D:\WinForDev\project\testpetshop\node_modules\ursa-optional\src\ursaNative.cc(1411,34): error C2660: “v8::Value::Uint32Value”: 函数不接受 0 个参数 [D:\WinForDev\project\testpetshop\node_modules\ursa-optional\build\ursaNative.vcxproj]
C:\Users\lzr\AppData\Local\node-gyp\Cache\14.17.4\include\node\v8.h(2866,41): message : 参见“v8::Value::Uint32Value”的声明 (编译源文件 ..\src\ursaNative.cc) [D:\WinForDev\project\testpetshop\node_modules\ursa-optional\build\ursaNative.vcxproj]
D:\WinForDev\project\testpetshop\node_modules\ursa-optional\src\ursaNative.cc(1477,34): error C2660: “v8::Value::Uint32Value”: 函数不接受 0 个参数 [D:\WinForDev\project\testpetshop\node_modules\ursa-optional\build\ursaNative.vcxproj]
C:\Users\lzr\AppData\Local\node-gyp\Cache\14.17.4\include\node\v8.h(2866,41): message : 参见“v8::Value::Uint32Value”的声明 (编译源文件 ..\src\ursaNative.cc) [D:\WinForDev\project\testpetshop\node_modules\ursa-optional\build\ursaNative.vcxproj]
D:\WinForDev\project\testpetshop\node_modules\ursa-optional\src\ursaNative.cc(1554,34): error C2660: “v8::Value::Uint32Value”: 函数不接受 0 个参数 [D:\WinForDev\project\testpetshop\node_modules\ursa-optional\build\ursaNative.vcxproj]
C:\Users\lzr\AppData\Local\node-gyp\Cache\14.17.4\include\node\v8.h(2866,41): message : 参见“v8::Value::Uint32Value”的声明 (编译源文件 ..\src\ursaNative.cc) [D:\WinForDev\project\testpetshop\node_modules\ursa-optional\build\ursaNative.vcxproj]
D:\WinForDev\project\testpetshop\node_modules\ursa-optional\src\ursaNative.cc(1584,35): error C2660: “v8::Value::Uint32Value”: 函数不接受 0 个参数 [D:\WinForDev\project\testpetshop\node_modules\ursa-optional\build\ursaNative.vcxproj]
C:\Users\lzr\AppData\Local\node-gyp\Cache\14.17.4\include\node\v8.h(2866,41): message : 参见“v8::Value::Uint32Value”的声明 (编译源文件 ..\src\ursaNative.cc) [D:\WinForDev\project\testpetshop\node_modules\ursa-optional\build\ursaNative.vcxproj]
D:\WinForDev\project\testpetshop\node_modules\ursa-optional\src\ursaNative.cc(1627,34): error C2660: “v8::Value::Uint32Value”: 函数不接受 0 个参数 [D:\WinForDev\project\testpetshop\node_modules\ursa-optional\build\ursaNative.vcxproj]
C:\Users\lzr\AppData\Local\node-gyp\Cache\14.17.4\include\node\v8.h(2866,41): message : 参见“v8::Value::Uint32Value”的声明 (编译源文件 ..\src\ursaNative.cc) [D:\WinForDev\project\testpetshop\node_modules\ursa-optional\build\ursaNative.vcxproj]
D:\WinForDev\project\testpetshop\node_modules\ursa-optional\src\ursaNative.cc(1674,35): error C2660: “v8::Value::Uint32Value”: 函数不接受 0 个参数 [D:\WinForDev\project\testpetshop\node_modules\ursa-optional\build\ursaNative.vcxproj]
C:\Users\lzr\AppData\Local\node-gyp\Cache\14.17.4\include\node\v8.h(2866,41): message : 参见“v8::Value::Uint32Value”的声明 (编译源文件 ..\src\ursaNative.cc) [D:\WinForDev\project\testpetshop\node_modules\ursa-optional\build\ursaNative.vcxproj]
